[0703/210350.875:ERROR:process_memory_win.cc(73)] ReadMemory at 0x1fe82441c80 of 6656 bytes failed: Запрос ReadProcessMemory или WriteProcessMemory был выполнен только частично. (0x12B)
[0703/210350.878:ERROR:process_snapshot_win.cc(322)] failed to read unloaded module data
[0703/210350.887:ERROR:process_memory_win.cc(73)] ReadMemory at 0x1fe825b3b50 of 72 bytes failed: Запрос ReadProcessMemory или WriteProcessMemory был выполнен только частично. (0x12B)
[0703/210350.888:WARNING:pe_image_annotations_reader.cc(134)] could not read annotations list object in C:\Program Files (x86)\Google\Chrome\Application\83.0.4103.116\chrome_elf.dll
[0703/210350.888:ERROR:process_memory_win.cc(73)] ReadMemory at 0x1fe82a65c90 of 72 bytes failed: Запрос ReadProcessMemory или WriteProcessMemory был выполнен только частично. (0x12B)
[0703/210350.889:WARNING:pe_image_annotations_reader.cc(134)] could not read annotations list object in C:\Program Files (x86)\Google\Chrome\Application\83.0.4103.116\chrome.dll
[0703/210350.916:ERROR:process_memory_win.cc(73)] ReadMemory at 0x1fe825b3b50 of 72 bytes failed: Запрос ReadProcessMemory или WriteProcessMemory был выполнен только частично. (0x12B)
[0703/210350.916:WARNING:pe_image_annotations_reader.cc(134)] could not read annotations list object in C:\Program Files (x86)\Google\Chrome\Application\83.0.4103.116\chrome_elf.dll
[0703/210350.916:ERROR:process_memory_win.cc(73)] ReadMemory at 0x7fff983f0000 of 64 bytes failed: Запрос ReadProcessMemory или WriteProcessMemory был выполнен только частично. (0x12B)
[0703/210350.916:WARNING:pe_image_reader.cc(340)] could not read dos header from C:\Program Files (x86)\Google\Chrome\Application\83.0.4103.116\chrome.dll
[0703/210350.923:ERROR:process_memory_win.cc(73)] ReadMemory at 0x7ff7fca10000 of 64 bytes failed: Запрос ReadProcessMemory или WriteProcessMemory был выполнен только частично. (0x12B)
[0703/210350.923:WARNING:pe_image_reader.cc(340)] could not read dos header from C:\Program Files (x86)\Google\Chrome\Application\chrome.exe
[0703/210350.923:ERROR:process_memory_win.cc(73)] ReadMemory at 0x1fe825b3b50 of 72 bytes failed: Запрос ReadProcessMemory или WriteProcessMemory был выполнен только частично. (0x12B)
[0703/210350.923:WARNING:pe_image_annotations_reader.cc(134)] could not read annotations list object in C:\Program Files (x86)\Google\Chrome\Application\83.0.4103.116\chrome_elf.dll
[0703/210350.924:ERROR:process_memory_win.cc(73)] ReadMemory at 0x7fff983f0000 of 64 bytes failed: Запрос ReadProcessMemory или WriteProcessMemory был выполнен только частично. (0x12B)
[0703/210350.924:WARNING:pe_image_reader.cc(340)] could not read dos header from C:\Program Files (x86)\Google\Chrome\Application\83.0.4103.116\chrome.dll
[0703/210350.924:ERROR:process_memory_win.cc(73)] ReadMemory at 0x7fffbc4b02f8 of 40 bytes failed: Запрос ReadProcessMemory или WriteProcessMemory был выполнен только частично. (0x12B)
[0703/210350.924:WARNING:pe_image_reader.cc(392)] could not read section 6 from C:\Windows\SYSTEM32\UIAutomationCore.DLL
[0703/210350.924:ERROR:process_memory_win.cc(73)] ReadMemory at 0x7fffbb380000 of 64 bytes failed: Запрос ReadProcessMemory или WriteProcessMemory был выполнен только частично. (0x12B)
[0703/210350.924:WARNING:pe_image_reader.cc(340)] could not read dos header from C:\Windows\SYSTEM32\WINSPOOL.DRV
[0703/210350.924:ERROR:process_memory_win.cc(73)] ReadMemory at 0x7fffc0e10000 of 64 bytes failed: Запрос ReadProcessMemory или WriteProcessMemory был выполнен только частично. (0x12B)
[0703/210350.925:WARNING:pe_image_reader.cc(340)] could not read dos header from C:\Windows\SYSTEM32\dbghelp.dll
[0703/210350.925:ERROR:process_memory_win.cc(73)] ReadMemory at 0x7fffc68d0000 of 64 bytes failed: Запрос ReadProcessMemory или WriteProcessMemory был выполнен только частично. (0x12B)
[0703/210350.925:WARNING:pe_image_reader.cc(340)] could not read dos header from C:\Windows\SYSTEM32\WINHTTP.dll
[0703/210350.925:ERROR:process_memory_win.cc(73)] ReadMemory at 0x7fffc9960000 of 64 bytes failed: Запрос ReadProcessMemory или WriteProcessMemory был выполнен только частично. (0x12B)
[0703/210350.925:WARNING:pe_image_reader.cc(340)] could not read dos header from C:\Windows\SYSTEM32\dhcpcsvc.DLL
[0703/210350.925:ERROR:process_memory_win.cc(73)] ReadMemory at 0x7fffcc390000 of 64 bytes failed: Запрос ReadProcessMemory или WriteProcessMemory был выполнен только частично. (0x12B)
[0703/210350.925:WARNING:pe_image_reader.cc(340)] could not read dos header from C:\Windows\SYSTEM32\PROPSYS.dll
[0703/210350.925:ERROR:process_memory_win.cc(73)] ReadMemory at 0x7ff7fca10000 of 64 bytes failed: Запрос ReadProcessMemory или WriteProcessMemory был выполнен только частично. (0x12B)
[0703/210350.926:WARNING:pe_image_reader.cc(340)] could not read dos header from C:\Program Files (x86)\Google\Chrome\Application\chrome.exe
[0703/210350.926:ERROR:process_memory_win.cc(73)] ReadMemory at 0x7fffa9c60000 of 64 bytes failed: Запрос ReadProcessMemory или WriteProcessMemory был выполнен только частично. (0x12B)
[0703/210350.926:WARNING:pe_image_reader.cc(340)] could not read dos header from C:\Program Files (x86)\Google\Chrome\Application\83.0.4103.116\chrome_elf.dll
[0703/210350.926:ERROR:process_memory_win.cc(73)] ReadMemory at 0x7fffc20b0000 of 64 bytes failed: Запрос ReadProcessMemory или WriteProcessMemory был выполнен только частично. (0x12B)
[0703/210350.926:WARNING:pe_image_reader.cc(340)] could not read dos header from C:\Windows\SYSTEM32\VERSION.dll
[0703/210350.926:ERROR:process_memory_win.cc(73)] ReadMemory at 0x7fff983f0000 of 64 bytes failed: Запрос ReadProcessMemory или WriteProcessMemory был выполнен только частично. (0x12B)
[0703/210350.926:WARNING:pe_image_reader.cc(340)] could not read dos header from C:\Program Files (x86)\Google\Chrome\Application\83.0.4103.116\chrome.dll
[0703/210350.926:ERROR:process_memory_win.cc(73)] ReadMemory at 0x7fffc1830000 of 64 bytes failed: Запрос ReadProcessMemory или WriteProcessMemory был выполнен только частично. (0x12B)
[0703/210350.926:WARNING:pe_image_reader.cc(340)] could not read dos header from C:\Windows\SYSTEM32\Secur32.dll
[0703/210350.927:ERROR:process_memory_win.cc(73)] ReadMemory at 0x7fffbc4b0000 of 64 bytes failed: Запрос ReadProcessMemory или WriteProcessMemory был выполнен только частично. (0x12B)
[0703/210350.927:WARNING:pe_image_reader.cc(340)] could not read dos header from C:\Windows\SYSTEM32\UIAutomationCore.DLL
[0703/210350.927:ERROR:process_memory_win.cc(73)] ReadMemory at 0x7fffc4100000 of 64 bytes failed: Запрос ReadProcessMemory или WriteProcessMemory был выполнен только частично. (0x12B)
[0703/210350.927:WARNING:pe_image_reader.cc(340)] could not read dos header from C:\Windows\SYSTEM32\DWrite.dll
[0703/210350.927:ERROR:process_memory_win.cc(73)] ReadMemory at 0x7fffbb380000 of 64 bytes failed: Запрос ReadProcessMemory или WriteProcessMemory был выполнен только частично. (0x12B)
[0703/210350.927:WARNING:pe_image_reader.cc(340)] could not read dos header from C:\Windows\SYSTEM32\WINSPOOL.DRV
[0703/210350.927:ERROR:process_memory_win.cc(73)] ReadMemory at 0x7fffc0e10000 of 64 bytes failed: Запрос ReadProcessMemory или WriteProcessMemory был выполнен только частично. (0x12B)
[0703/210350.927:WARNING:pe_image_reader.cc(340)] could not read dos header from C:\Windows\SYSTEM32\dbghelp.dll
[0703/210350.927:ERROR:process_memory_win.cc(73)] ReadMemory at 0x7fffc68d0000 of 64 bytes failed: Запрос ReadProcessMemory или WriteProcessMemory был выполнен только частично. (0x12B)
[0703/210350.927:WARNING:pe_image_reader.cc(340)] could not read dos header from C:\Windows\SYSTEM32\WINHTTP.dll
[0703/210350.927:ERROR:process_memory_win.cc(73)] ReadMemory at 0x7fffc9960000 of 64 bytes failed: Запрос ReadProcessMemory или WriteProcessMemory был выполнен только частично. (0x12B)
[0703/210350.927:WARNING:pe_image_reader.cc(340)] could not read dos header from C:\Windows\SYSTEM32\dhcpcsvc.DLL
[0703/210350.928:ERROR:process_memory_win.cc(73)] ReadMemory at 0x7fffcc390000 of 64 bytes failed: Запрос ReadProcessMemory или WriteProcessMemory был выполнен только частично. (0x12B)
[0703/210350.928:WARNING:pe_image_reader.cc(340)] could not read dos header from C:\Windows\SYSTEM32\PROPSYS.dll
[0703/210350.949:ERROR:process_memory_win.cc(73)] ReadMemory at 0x341dbe8000 of 98304 bytes failed: Запрос ReadProcessMemory или WriteProcessMemory был выполнен только частично. (0x12B)
[0703/210350.950:ERROR:process_memory_win.cc(73)] ReadMemory at 0x341e3fd000 of 12288 bytes failed: Запрос ReadProcessMemory или WriteProcessMemory был выполнен только частично. (0x12B)
[0703/210350.951:ERROR:process_memory_win.cc(73)] ReadMemory at 0x341ebf7000 of 36864 bytes failed: Запрос ReadProcessMemory или WriteProcessMemory был выполнен только частично. (0x12B)
[0703/210350.951:ERROR:process_memory_win.cc(73)] ReadMemory at 0x341f3fc000 of 16384 bytes failed: Запрос ReadProcessMemory или WriteProcessMemory был выполнен только частично. (0x12B)
[0703/210350.952:ERROR:process_memory_win.cc(73)] ReadMemory at 0x341fbfc000 of 16384 bytes failed: Запрос ReadProcessMemory или WriteProcessMemory был выполнен только частично. (0x12B)
[0703/210350.952:ERROR:process_memory_win.cc(73)] ReadMemory at 0x34203ff000 of 4096 bytes failed: Запрос ReadProcessMemory или WriteProcessMemory был выполнен только частично. (0x12B)
[0703/210350.952:ERROR:process_memory_win.cc(73)] ReadMemory at 0x3420bfc000 of 16384 bytes failed: Запрос ReadProcessMemory или WriteProcessMemory был выполнен только частично. (0x12B)
[0703/210350.952:ERROR:process_memory_win.cc(73)] ReadMemory at 0x34213fb000 of 20480 bytes failed: Запрос ReadProcessMemory или WriteProcessMemory был выполнен только частично. (0x12B)
[0703/210350.952:ERROR:process_memory_win.cc(73)] ReadMemory at 0x3421bfb000 of 20480 bytes failed: Запрос ReadProcessMemory или WriteProcessMemory был выполнен только частично. (0x12B)
[0703/210350.952:ERROR:process_memory_win.cc(73)] ReadMemory at 0x34223fb000 of 20480 bytes failed: Запрос ReadProcessMemory или WriteProcessMemory был выполнен только частично. (0x12B)
[0703/210350.953:ERROR:process_memory_win.cc(73)] ReadMemory at 0x3422bfb000 of 20480 bytes failed: Запрос ReadProcessMemory или WriteProcessMemory был выполнен только частично. (0x12B)
[0703/210350.953:ERROR:process_memory_win.cc(73)] ReadMemory at 0x34233fd000 of 12288 bytes failed: Запрос ReadProcessMemory или WriteProcessMemory был выполнен только частично. (0x12B)
[0703/210350.953:ERROR:process_memory_win.cc(73)] ReadMemory at 0x3423bf5000 of 45056 bytes failed: Запрос ReadProcessMemory или WriteProcessMemory был выполнен только частично. (0x12B)
[0703/210350.953:ERROR:process_memory_win.cc(73)] ReadMemory at 0x34243fa000 of 24576 bytes failed: Запрос ReadProcessMemory или WriteProcessMemory был выполнен только частично. (0x12B)
[0703/210350.953:ERROR:process_memory_win.cc(73)] ReadMemory at 0x34253fc000 of 16384 bytes failed: Запрос ReadProcessMemory или WriteProcessMemory был выполнен только частично. (0x12B)
[0703/210350.953:ERROR:process_memory_win.cc(73)] ReadMemory at 0x3425bf7000 of 36864 bytes failed: Запрос ReadProcessMemory или WriteProcessMemory был выполнен только частично. (0x12B)
[0703/210350.954:ERROR:process_memory_win.cc(73)] ReadMemory at 0x34263fc000 of 16384 bytes failed: Запрос ReadProcessMemory или WriteProcessMemory был выполнен только частично. (0x12B)
[0703/210350.954:ERROR:process_memory_win.cc(73)] ReadMemory at 0x3426bfd000 of 12288 bytes failed: Запрос ReadProcessMemory или WriteProcessMemory был выполнен только частично. (0x12B)
[0703/210350.954:ERROR:process_memory_win.cc(73)] ReadMemory at 0x3426cfe000 of 8192 bytes failed: Запрос ReadProcessMemory или WriteProcessMemory был выполнен только частично. (0x12B)
[0703/210350.954:ERROR:process_memory_win.cc(73)] ReadMemory at 0x341d37f000 of 852 bytes failed: Запрос ReadProcessMemory или WriteProcessMemory был выполнен только частично. (0x12B)
[0703/210350.954:ERROR:process_memory_win.cc(73)] ReadMemory at 0x341d37ff80 of 6152 bytes failed: Запрос ReadProcessMemory или WriteProcessMemory был выполнен только частично. (0x12B)
[0703/210350.954:ERROR:process_memory_win.cc(73)] ReadMemory at 0x341d382000 of 6024 bytes failed: Запрос ReadProcessMemory или WriteProcessMemory был выполнен только частично. (0x12B)
[0703/210350.955:ERROR:process_memory_win.cc(73)] ReadMemory at 0x341d384000 of 6024 bytes failed: Запрос ReadProcessMemory или WriteProcessMemory был выполнен только частично. (0x12B)
[0703/210350.955:ERROR:process_memory_win.cc(73)] ReadMemory at 0x341d386000 of 6024 bytes failed: Запрос ReadProcessMemory или WriteProcessMemory был выполнен только частично. (0x12B)
[0703/210350.955:ERROR:process_memory_win.cc(73)] ReadMemory at 0x341d388000 of 6024 bytes failed: Запрос ReadProcessMemory или WriteProcessMemory был выполнен только частично. (0x12B)
[0703/210350.955:ERROR:process_memory_win.cc(73)] ReadMemory at 0x341d38a000 of 6024 bytes failed: Запрос ReadProcessMemory или WriteProcessMemory был выполнен только частично. (0x12B)
[0703/210350.955:ERROR:process_memory_win.cc(73)] ReadMemory at 0x341d38c000 of 6024 bytes failed: Запрос ReadProcessMemory или WriteProcessMemory был выполнен только частично. (0x12B)
[0703/210350.955:ERROR:process_memory_win.cc(73)] ReadMemory at 0x341d38e000 of 6024 bytes failed: Запрос ReadProcessMemory или WriteProcessMemory был выполнен только частично. (0x12B)
[0703/210350.955:ERROR:process_memory_win.cc(73)] ReadMemory at 0x341d390000 of 6024 bytes failed: Запрос ReadProcessMemory или WriteProcessMemory был выполнен только частично. (0x12B)
[0703/210350.955:ERROR:process_memory_win.cc(73)] ReadMemory at 0x341d392000 of 6024 bytes failed: Запрос ReadProcessMemory или WriteProcessMemory был выполнен только частично. (0x12B)
[0703/210350.955:ERROR:process_memory_win.cc(73)] ReadMemory at 0x341d394000 of 6024 bytes failed: Запрос ReadProcessMemory или WriteProcessMemory был выполнен только частично. (0x12B)
[0703/210350.956:ERROR:process_memory_win.cc(73)] ReadMemory at 0x341d396000 of 6024 bytes failed: Запрос ReadProcessMemory или WriteProcessMemory был выполнен только частично. (0x12B)
[0703/210350.956:ERROR:process_memory_win.cc(73)] ReadMemory at 0x341d398000 of 6024 bytes failed: Запрос ReadProcessMemory или WriteProcessMemory был выполнен только частично. (0x12B)
[0703/210350.956:ERROR:process_memory_win.cc(73)] ReadMemory at 0x341d39a000 of 6024 bytes failed: Запрос ReadProcessMemory или WriteProcessMemory был выполнен только частично. (0x12B)
[0703/210350.956:ERROR:process_memory_win.cc(73)] ReadMemory at 0x341d39e000 of 6024 bytes failed: Запрос ReadProcessMemory или WriteProcessMemory был выполнен только частично. (0x12B)
[0703/210350.956:ERROR:process_memory_win.cc(73)] ReadMemory at 0x341d3a0000 of 6024 bytes failed: Запрос ReadProcessMemory или WriteProcessMemory был выполнен только частично. (0x12B)
[0703/210350.956:ERROR:process_memory_win.cc(73)] ReadMemory at 0x341d3a2000 of 6024 bytes failed: Запрос ReadProcessMemory или WriteProcessMemory был выполнен только частично. (0x12B)
[0703/210350.956:ERROR:process_memory_win.cc(73)] ReadMemory at 0x341d3a4000 of 6024 bytes failed: Запрос ReadProcessMemory или WriteProcessMemory был выполнен только частично. (0x12B)
[0703/210350.957:ERROR:process_memory_win.cc(73)] ReadMemory at 0x341d3a8000 of 6024 bytes failed: Запрос ReadProcessMemory или WriteProcessMemory был выполнен только частично. (0x12B)
[0703/210350.957:ERROR:process_memory_win.cc(73)] ReadMemory at 0x1fe82430fe0 of 3616 bytes failed: Запрос ReadProcessMemory или WriteProcessMemory был выполнен только частично. (0x12B)
[0703/210350.957:ERROR:process_memory_win.cc(73)] ReadMemory at 0x1fe82431e10 of 1012 bytes failed: Запрос ReadProcessMemory или WriteProcessMemory был выполнен только частично. (0x12B)
[0703/210350.957:ERROR:process_memory_win.cc(73)] ReadMemory at 0x1fe82432458 of 118 bytes failed: Запрос ReadProcessMemory или WriteProcessMemory был выполнен только частично. (0x12B)
[0703/210350.957:ERROR:process_memory_win.cc(73)] ReadMemory at 0x1fe824324d0 of 1174 bytes failed: Запрос ReadProcessMemory или WriteProcessMemory был выполнен только частично. (0x12B)
[0703/210350.957:ERROR:process_memory_win.cc(73)] ReadMemory at 0x1fe82432968 of 118 bytes failed: Запрос ReadProcessMemory или WriteProcessMemory был выполнен только частично. (0x12B)
[0703/210350.957:ERROR:process_memory_win.cc(73)] ReadMemory at 0x1fe824329e0 of 94 bytes failed: Запрос ReadProcessMemory или WriteProcessMemory был выполнен только частично. (0x12B)
[0703/210350.958:ERROR:process_memory_win.cc(73)] ReadMemory at 0x1fe82432a50 of 58 bytes failed: Запрос ReadProcessMemory или WriteProcessMemory был выполнен только частично. (0x12B)
[0703/210350.958:ERROR:process_memory_win.cc(73)] ReadMemory at 0x1fe82432b50 of 132 bytes failed: Запрос ReadProcessMemory или WriteProcessMemory был выполнен только частично. (0x12B)
[0703/210350.958:ERROR:process_memory_win.cc(73)] ReadMemory at 0x1fe82432ce0 of 132 bytes failed: Запрос ReadProcessMemory или WriteProcessMemory был выполнен только частично. (0x12B)
[0703/210350.958:ERROR:process_memory_win.cc(73)] ReadMemory at 0x1fe82432ea0 of 126 bytes failed: Запрос ReadProcessMemory или WriteProcessMemory был выполнен только частично. (0x12B)
[0703/210350.958:ERROR:process_memory_win.cc(73)] ReadMemory at 0x1fe82433280 of 132 bytes failed: Запрос ReadProcessMemory или WriteProcessMemory был выполнен только частично. (0x12B)
[0703/210350.958:ERROR:process_memory_win.cc(73)] ReadMemory at 0x1fe82433410 of 64 bytes failed: Запрос ReadProcessMemory или WriteProcessMemory был выполнен только частично. (0x12B)
[0703/210350.958:ERROR:process_memory_win.cc(73)] ReadMemory at 0x1fe82433460 of 132 bytes failed: Запрос ReadProcessMemory или WriteProcessMemory был выполнен только частично. (0x12B)
[0703/210350.958:ERROR:process_memory_win.cc(73)] ReadMemory at 0x1fe824335d0 of 132 bytes failed: Запрос ReadProcessMemory или WriteProcessMemory был выполнен только частично. (0x12B)
[0703/210350.958:ERROR:process_memory_win.cc(73)] ReadMemory at 0x1fe82433870 of 132 bytes failed: Запрос ReadProcessMemory или WriteProcessMemory был выполнен только частично. (0x12B)
[0703/210350.959:ERROR:process_memory_win.cc(73)] ReadMemory at 0x1fe82433a00 of 68 bytes failed: Запрос ReadProcessMemory или WriteProcessMemory был выполнен только частично. (0x12B)
[0703/210350.959:ERROR:process_memory_win.cc(73)] ReadMemory at 0x1fe82434ac0 of 146 bytes failed: Запрос ReadProcessMemory или WriteProcessMemory был выполнен только частично. (0x12B)
[0703/210350.959:ERROR:process_memory_win.cc(73)] ReadMemory at 0x1fe82434ba0 of 132 bytes failed: Запрос ReadProcessMemory или WriteProcessMemory был выполнен только частично. (0x12B)
[0703/210350.959:ERROR:process_memory_win.cc(73)] ReadMemory at 0x1fe82434d30 of 154 bytes failed: Запрос ReadProcessMemory или WriteProcessMemory был выполнен только частично. (0x12B)
[0703/210350.959:ERROR:process_memory_win.cc(73)] ReadMemory at 0x1fe82435b20 of 62 bytes failed: Запрос ReadProcessMemory или WriteProcessMemory был выполнен только частично. (0x12B)
[0703/210350.959:ERROR:process_memory_win.cc(73)] ReadMemory at 0x1fe82435c30 of 60 bytes failed: Запрос ReadProcessMemory или WriteProcessMemory был выполнен только частично. (0x12B)
[0703/210350.960:ERROR:process_memory_win.cc(73)] ReadMemory at 0x1fe82436190 of 132 bytes failed: Запрос ReadProcessMemory или WriteProcessMemory был выполнен только частично. (0x12B)
[0703/210350.960:ERROR:process_memory_win.cc(73)] ReadMemory at 0x1fe8243a1b0 of 132 bytes failed: Запрос ReadProcessMemory или WriteProcessMemory был выполнен только частично. (0x12B)
[0703/210350.960:ERROR:process_memory_win.cc(73)] ReadMemory at 0x1fe8243a2e0 of 132 bytes failed: Запрос ReadProcessMemory или WriteProcessMemory был выполнен только частично. (0x12B)
[0703/210350.960:ERROR:process_memory_win.cc(73)] ReadMemory at 0x1fe8243aa00 of 80 bytes failed: Запрос ReadProcessMemory или WriteProcessMemory был выполнен только частично. (0x12B)
[0703/210350.961:ERROR:process_memory_win.cc(73)] ReadMemory at 0x1fe8243b1c0 of 64 bytes failed: Запрос ReadProcessMemory или WriteProcessMemory был выполнен только частично. (0x12B)
[0703/210350.961:ERROR:process_memory_win.cc(73)] ReadMemory at 0x1fe8243b210 of 60 bytes failed: Запрос ReadProcessMemory или WriteProcessMemory был выполнен только частично. (0x12B)
[0703/210350.961:ERROR:process_memory_win.cc(73)] ReadMemory at 0x1fe8243b440 of 62 bytes failed: Запрос ReadProcessMemory или WriteProcessMemory был выполнен только частично. (0x12B)
[0703/210350.961:ERROR:process_memory_win.cc(73)] ReadMemory at 0x1fe8243b490 of 64 bytes failed: Запрос ReadProcessMemory или WriteProcessMemory был выполнен только частично. (0x12B)
[0703/210350.961:ERROR:process_memory_win.cc(73)] ReadMemory at 0x1fe8243b4e0 of 66 bytes failed: Запрос ReadProcessMemory или WriteProcessMemory был выполнен только частично. (0x12B)
[0703/210350.961:ERROR:process_memory_win.cc(73)] ReadMemory at 0x1fe8243b530 of 64 bytes failed: Запрос ReadProcessMemory или WriteProcessMemory был выполнен только частично. (0x12B)
[0703/210350.961:ERROR:process_memory_win.cc(73)] ReadMemory at 0x1fe8243b710 of 58 bytes failed: Запрос ReadProcessMemory или WriteProcessMemory был выполнен только частично. (0x12B)
[0703/210350.962:ERROR:process_memory_win.cc(73)] ReadMemory at 0x1fe8243c9a0 of 132 bytes failed: Запрос ReadProcessMemory или WriteProcessMemory был выполнен только частично. (0x12B)
[0703/210350.962:ERROR:process_memory_win.cc(73)] ReadMemory at 0x1fe8243dbe0 of 132 bytes failed: Запрос ReadProcessMemory или WriteProcessMemory был выполнен только частично. (0x12B)
[0703/210350.962:ERROR:process_memory_win.cc(73)] ReadMemory at 0x1fe8243de00 of 132 bytes failed: Запрос ReadProcessMemory или WriteProcessMemory был выполнен только частично. (0x12B)
[0703/210350.962:ERROR:process_memory_win.cc(73)] ReadMemory at 0x1fe82441b50 of 132 bytes failed: Запрос ReadProcessMemory или WriteProcessMemory был выполнен только частично. (0x12B)
[0703/210350.962:ERROR:process_memory_win.cc(73)] ReadMemory at 0x1fe82444800 of 132 bytes failed: Запрос ReadProcessMemory или WriteProcessMemory был выполнен только частично. (0x12B)
[0703/210350.962:ERROR:process_memory_win.cc(73)] ReadMemory at 0x1fe82444d30 of 132 bytes failed: Запрос ReadProcessMemory или WriteProcessMemory был выполнен только частично. (0x12B)
[0703/210350.962:ERROR:process_memory_win.cc(73)] ReadMemory at 0x1fe82444e60 of 132 bytes failed: Запрос ReadProcessMemory или WriteProcessMemory был выполнен только частично. (0x12B)
[0703/210350.962:ERROR:process_memory_win.cc(73)] ReadMemory at 0x1fe824458e0 of 54 bytes failed: Запрос ReadProcessMemory или WriteProcessMemory был выполнен только частично. (0x12B)
[0703/210350.963:ERROR:process_memory_win.cc(73)] ReadMemory at 0x1fe82446030 of 62 bytes failed: Запрос ReadProcessMemory или WriteProcessMemory был выполнен только частично. (0x12B)
[0703/210350.963:ERROR:process_memory_win.cc(73)] ReadMemory at 0x1fe82446080 of 66 bytes failed: Запрос ReadProcessMemory или WriteProcessMemory был выполнен только частично. (0x12B)
[0703/210350.963:ERROR:process_memory_win.cc(73)] ReadMemory at 0x1fe82446120 of 62 bytes failed: Запрос ReadProcessMemory или WriteProcessMemory был выполнен только частично. (0x12B)
[0703/210350.963:ERROR:process_memory_win.cc(73)] ReadMemory at 0x1fe82446170 of 60 bytes failed: Запрос ReadProcessMemory или WriteProcessMemory был выполнен только частично. (0x12B)
[0703/210350.963:ERROR:process_memory_win.cc(73)] ReadMemory at 0x1fe824462b0 of 64 bytes failed: Запрос ReadProcessMemory или WriteProcessMemory был выполнен только частично. (0x12B)
[0703/210350.963:ERROR:process_memory_win.cc(73)] ReadMemory at 0x1fe82446440 of 64 bytes failed: Запрос ReadProcessMemory или WriteProcessMemory был выполнен только частично. (0x12B)
[0703/210350.963:ERROR:process_memory_win.cc(73)] ReadMemory at 0x1fe82446490 of 64 bytes failed: Запрос ReadProcessMemory или WriteProcessMemory был выполнен только частично. (0x12B)
[0703/210350.963:ERROR:process_memory_win.cc(73)] ReadMemory at 0x1fe82446580 of 64 bytes failed: Запрос ReadProcessMemory или WriteProcessMemory был выполнен только частично. (0x12B)
[0703/210350.963:ERROR:process_memory_win.cc(73)] ReadMemory at 0x1fe824465d0 of 62 bytes failed: Запрос ReadProcessMemory или WriteProcessMemory был выполнен только частично. (0x12B)
[0703/210350.964:ERROR:process_memory_win.cc(73)] ReadMemory at 0x1fe82446620 of 62 bytes failed: Запрос ReadProcessMemory или WriteProcessMemory был выполнен только частично. (0x12B)
[0703/210350.964:ERROR:process_memory_win.cc(73)] ReadMemory at 0x1fe82446670 of 64 bytes failed: Запрос ReadProcessMemory или WriteProcessMemory был выполнен только частично. (0x12B)
[0703/210350.964:ERROR:process_memory_win.cc(73)] ReadMemory at 0x1fe82446760 of 60 bytes failed: Запрос ReadProcessMemory или WriteProcessMemory был выполнен только частично. (0x12B)
[0703/210350.964:ERROR:process_memory_win.cc(73)] ReadMemory at 0x1fe824467b0 of 60 bytes failed: Запрос ReadProcessMemory или WriteProcessMemory был выполнен только частично. (0x12B)
[0703/210350.965:ERROR:process_memory_win.cc(73)] ReadMemory at 0x1fe82446850 of 62 bytes failed: Запрос ReadProcessMemory или WriteProcessMemory был выполнен только частично. (0x12B)
[0703/210350.965:ERROR:process_memory_win.cc(73)] ReadMemory at 0x1fe82446990 of 62 bytes failed: Запрос ReadProcessMemory или WriteProcessMemory был выполнен только частично. (0x12B)
[0703/210350.965:ERROR:process_memory_win.cc(73)] ReadMemory at 0x1fe82446a30 of 60 bytes failed: Запрос ReadProcessMemory или WriteProcessMemory был выполнен только частично. (0x12B)
[0703/210350.965:ERROR:process_memory_win.cc(73)] ReadMemory at 0x1fe82446c60 of 60 bytes failed: Запрос ReadProcessMemory или WriteProcessMemory был выполнен только частично. (0x12B)
[0703/210350.965:ERROR:process_memory_win.cc(73)] ReadMemory at 0x1fe82446cb0 of 62 bytes failed: Запрос ReadProcessMemory или WriteProcessMemory был выполнен только частично. (0x12B)
[0703/210350.965:ERROR:process_memory_win.cc(73)] ReadMemory at 0x1fe82446d50 of 62 bytes failed: Запрос ReadProcessMemory или WriteProcessMemory был выполнен только частично. (0x12B)
[0703/210350.965:ERROR:process_memory_win.cc(73)] ReadMemory at 0x1fe82446da0 of 62 bytes failed: Запрос ReadProcessMemory или WriteProcessMemory был выполнен только частично. (0x12B)
[0703/210350.966:ERROR:process_memory_win.cc(73)] ReadMemory at 0x1fe82446df0 of 64 bytes failed: Запрос ReadProcessMemory или WriteProcessMemory был выполнен только частично. (0x12B)
[0703/210350.966:ERROR:process_memory_win.cc(73)] ReadMemory at 0x1fe82446f80 of 62 bytes failed: Запрос ReadProcessMemory или WriteProcessMemory был выполнен только частично. (0x12B)
[0703/210350.966:ERROR:process_memory_win.cc(73)] ReadMemory at 0x1fe82447040 of 132 bytes failed: Запрос ReadProcessMemory или WriteProcessMemory был выполнен только частично. (0x12B)
[0703/210350.966:ERROR:process_memory_win.cc(73)] ReadMemory at 0x1fe82447170 of 132 bytes failed: Запрос ReadProcessMemory или WriteProcessMemory был выполнен только частично. (0x12B)
[0703/210350.966:ERROR:process_memory_win.cc(73)] ReadMemory at 0x1fe824472a0 of 132 bytes failed: Запрос ReadProcessMemory или WriteProcessMemory был выполнен только частично. (0x12B)
[0703/210350.966:ERROR:process_memory_win.cc(73)] ReadMemory at 0x1fe824473d0 of 132 bytes failed: Запрос ReadProcessMemory или WriteProcessMemory был выполнен только частично. (0x12B)
[0703/210350.967:ERROR:process_memory_win.cc(73)] ReadMemory at 0x1fe82447500 of 132 bytes failed: Запрос ReadProcessMemory или WriteProcessMemory был выполнен только частично. (0x12B)
[0703/210350.967:ERROR:process_memory_win.cc(73)] ReadMemory at 0x1fe82447630 of 132 bytes failed: Запрос ReadProcessMemory или WriteProcessMemory был выполнен только частично. (0x12B)
[0703/210350.968:ERROR:process_memory_win.cc(73)] ReadMemory at 0x1fe82447760 of 132 bytes failed: Запрос ReadProcessMemory или WriteProcessMemory был выполнен только частично. (0x12B)
[0703/210350.968:ERROR:process_memory_win.cc(73)] ReadMemory at 0x1fe824479c0 of 132 bytes failed: Запрос ReadProcessMemory или WriteProcessMemory был выполнен только частично. (0x12B)
[0703/210350.968:ERROR:process_memory_win.cc(73)] ReadMemory at 0x1fe82447af0 of 132 bytes failed: Запрос ReadProcessMemory или WriteProcessMemory был выполнен только частично. (0x12B)
[0703/210350.968:ERROR:process_memory_win.cc(73)] ReadMemory at 0x1fe82447c20 of 132 bytes failed: Запрос ReadProcessMemory или WriteProcessMemory был выполнен только частично. (0x12B)
[0703/210350.968:ERROR:process_memory_win.cc(73)] ReadMemory at 0x1fe82447d50 of 132 bytes failed: Запрос ReadProcessMemory или WriteProcessMemory был выполнен только частично. (0x12B)
[0703/210350.968:ERROR:process_memory_win.cc(73)] ReadMemory at 0x1fe82447e80 of 132 bytes failed: Запрос ReadProcessMemory или WriteProcessMemory был выполнен только частично. (0x12B)
[0703/210350.968:ERROR:process_memory_win.cc(73)] ReadMemory at 0x1fe824486b0 of 80 bytes failed: Запрос ReadProcessMemory или WriteProcessMemory был выполнен только частично. (0x12B)
[0703/210350.969:ERROR:process_memory_win.cc(73)] ReadMemory at 0x1fe82448d10 of 76 bytes failed: Запрос ReadProcessMemory или WriteProcessMemory был выполнен только частично. (0x12B)
[0703/210350.969:ERROR:process_memory_win.cc(73)] ReadMemory at 0x1fe82448dd0 of 78 bytes failed: Запрос ReadProcessMemory или WriteProcessMemory был выполнен только частично. (0x12B)
[0703/210350.969:ERROR:process_memory_win.cc(73)] ReadMemory at 0x1fe82449410 of 132 bytes failed: Запрос ReadProcessMemory или WriteProcessMemory был выполнен только частично. (0x12B)
[0703/210350.969:ERROR:process_memory_win.cc(73)] ReadMemory at 0x1fe82449540 of 132 bytes failed: Запрос ReadProcessMemory или WriteProcessMemory был выполнен только частично. (0x12B)
[0703/210350.969:ERROR:process_memory_win.cc(73)] ReadMemory at 0x1fe82449670 of 132 bytes failed: Запрос ReadProcessMemory или WriteProcessMemory был выполнен только частично. (0x12B)
[0703/210350.969:ERROR:process_memory_win.cc(73)] ReadMemory at 0x1fe824497a0 of 132 bytes failed: Запрос ReadProcessMemory или WriteProcessMemory был выполнен только частично. (0x12B)
[0703/210350.969:ERROR:process_memory_win.cc(73)] ReadMemory at 0x1fe824498d0 of 132 bytes failed: Запрос ReadProcessMemory или WriteProcessMemory был выполнен только частично. (0x12B)
[0703/210350.969:ERROR:process_memory_win.cc(73)] ReadMemory at 0x1fe82449a00 of 132 bytes failed: Запрос ReadProcessMemory или WriteProcessMemory был выполнен только частично. (0x12B)
[0703/210350.969:ERROR:process_memory_win.cc(73)] ReadMemory at 0x1fe82449b30 of 132 bytes failed: Запрос ReadProcessMemory или WriteProcessMemory был выполнен только частично. (0x12B)
[0703/210350.970:ERROR:process_memory_win.cc(73)] ReadMemory at 0x1fe82449c60 of 132 bytes failed: Запрос ReadProcessMemory или WriteProcessMemory был выполнен только частично. (0x12B)
[0703/210350.970:ERROR:process_memory_win.cc(73)] ReadMemory at 0x1fe82449ff0 of 132 bytes failed: Запрос ReadProcessMemory или WriteProcessMemory был выполнен только частично. (0x12B)
[0703/210350.970:ERROR:process_memory_win.cc(73)] ReadMemory at 0x1fe8244a120 of 132 bytes failed: Запрос ReadProcessMemory или WriteProcessMemory был выполнен только частично. (0x12B)
[0703/210350.970:ERROR:process_memory_win.cc(73)] ReadMemory at 0x1fe8244a380 of 132 bytes failed: Запрос ReadProcessMemory или WriteProcessMemory был выполнен только частично. (0x12B)
[0703/210350.970:ERROR:process_memory_win.cc(73)] ReadMemory at 0x1fe8244a4b0 of 132 bytes failed: Запрос ReadProcessMemory или WriteProcessMemory был выполнен только частично. (0x12B)
[0703/210350.970:ERROR:process_memory_win.cc(73)] ReadMemory at 0x1fe8244a840 of 132 bytes failed: Запрос ReadProcessMemory или WriteProcessMemory был выполнен только частично. (0x12B)
[0703/210350.970:ERROR:process_memory_win.cc(73)] ReadMemory at 0x1fe8244a970 of 132 bytes failed: Запрос ReadProcessMemory или WriteProcessMemory был выполнен только частично. (0x12B)
[0703/210350.970:ERROR:process_memory_win.cc(73)] ReadMemory at 0x1fe8244aaa0 of 132 bytes failed: Запрос ReadProcessMemory или WriteProcessMemory был выполнен только частично. (0x12B)
[0703/210350.970:ERROR:process_memory_win.cc(73)] ReadMemory at 0x1fe8244abd0 of 132 bytes failed: Запрос ReadProcessMemory или WriteProcessMemory был выполнен только частично. (0x12B)
[0703/210350.971:ERROR:process_memory_win.cc(73)] ReadMemory at 0x1fe8244ad00 of 132 bytes failed: Запрос ReadProcessMemory или WriteProcessMemory был выполнен только частично. (0x12B)
[0703/210350.971:ERROR:process_memory_win.cc(73)] ReadMemory at 0x1fe8244ae30 of 132 bytes failed: Запрос ReadProcessMemory или WriteProcessMemory был выполнен только частично. (0x12B)
[0703/210350.971:ERROR:process_memory_win.cc(73)] ReadMemory at 0x1fe8244af60 of 132 bytes failed: Запрос ReadProcessMemory или WriteProcessMemory был выполнен только частично. (0x12B)
[0703/210350.971:ERROR:process_memory_win.cc(73)] ReadMemory at 0x1fe8244b090 of 132 bytes failed: Запрос ReadProcessMemory или WriteProcessMemory был выполнен только частично. (0x12B)
[0703/210350.971:ERROR:process_memory_win.cc(73)] ReadMemory at 0x1fe8244b1c0 of 132 bytes failed: Запрос ReadProcessMemory или WriteProcessMemory был выполнен только частично. (0x12B)
[0703/210350.971:ERROR:process_memory_win.cc(73)] ReadMemory at 0x1fe8244be00 of 58 bytes failed: Запрос ReadProcessMemory или WriteProcessMemory был выполнен только частично. (0x12B)
[0703/210350.971:ERROR:process_memory_win.cc(73)] ReadMemory at 0x1fe8244be50 of 62 bytes failed: Запрос ReadProcessMemory или WriteProcessMemory был выполнен только частично. (0x12B)
[0703/210350.971:ERROR:process_memory_win.cc(73)] ReadMemory at 0x1fe8244bf40 of 62 bytes failed: Запрос ReadProcessMemory или WriteProcessMemory был выполнен только частично. (0x12B)
[0703/210350.972:ERROR:process_memory_win.cc(73)] ReadMemory at 0x1fe8244c0d0 of 58 bytes failed: Запрос ReadProcessMemory или WriteProcessMemory был выполнен только частично. (0x12B)
[0703/210350.972:ERROR:process_memory_win.cc(73)] ReadMemory at 0x1fe8244c120 of 60 bytes failed: Запрос ReadProcessMemory или WriteProcessMemory был выполнен только частично. (0x12B)
[0703/210350.972:ERROR:process_memory_win.cc(73)] ReadMemory at 0x1fe8244c4e0 of 60 bytes failed: Запрос ReadProcessMemory или WriteProcessMemory был выполнен только частично. (0x12B)
[0703/210350.972:ERROR:process_memory_win.cc(73)] ReadMemory at 0x1fe8244c940 of 66 bytes failed: Запрос ReadProcessMemory или WriteProcessMemory был выполнен только частично. (0x12B)
[0703/210350.972:ERROR:process_memory_win.cc(73)] ReadMemory at 0x1fe8244ca30 of 58 bytes failed: Запрос ReadProcessMemory или WriteProcessMemory был выполнен только частично. (0x12B)
[0703/210350.972:ERROR:process_memory_win.cc(73)] ReadMemory at 0x1fe8244d1e0 of 512 bytes failed: Запрос ReadProcessMemory или WriteProcessMemory был выполнен только частично. (0x12B)
[0703/210350.972:ERROR:process_memory_win.cc(73)] ReadMemory at 0x1fe82465100 of 512 bytes failed: Запрос ReadProcessMemory или WriteProcessMemory был выполнен только частично. (0x12B)
[0703/210350.972:ERROR:process_memory_win.cc(73)] ReadMemory at 0x1fe825a0000 of 384 bytes failed: Запрос ReadProcessMemory или WriteProcessMemory был выполнен только частично. (0x12B)
[0703/210350.973:ERROR:process_memory_win.cc(73)] ReadMemory at 0x1fe825a15a0 of 512 bytes failed: Запрос ReadProcessMemory или WriteProcessMemory был выполнен только частично. (0x12B)
[0703/210350.973:ERROR:process_memory_win.cc(73)] ReadMemory at 0x1fe825a2fe0 of 512 bytes failed: Запрос ReadProcessMemory или WriteProcessMemory был выполнен только частично. (0x12B)
[0703/210350.973:ERROR:process_memory_win.cc(73)] ReadMemory at 0x1fe825a4ea0 of 512 bytes failed: Запрос ReadProcessMemory или WriteProcessMemory был выполнен только частично. (0x12B)
[0703/210350.973:ERROR:process_memory_win.cc(73)] ReadMemory at 0x1fe82a91550 of 512 bytes failed: Запрос ReadProcessMemory или WriteProcessMemory был выполнен только частично. (0x12B)
[0703/210350.973:ERROR:process_memory_win.cc(73)] ReadMemory at 0x1fe82a9c430 of 712 bytes failed: Запрос ReadProcessMemory или WriteProcessMemory был выполнен только частично. (0x12B)
[0703/210350.973:ERROR:process_memory_win.cc(73)] ReadMemory at 0x1fe82aace90 of 512 bytes failed: Запрос ReadProcessMemory или WriteProcessMemory был выполнен только частично. (0x12B)
[0703/210350.973:ERROR:process_memory_win.cc(73)] ReadMemory at 0x1fe82ac2d30 of 512 bytes failed: Запрос ReadProcessMemory или WriteProcessMemory был выполнен только частично. (0x12B)
[0703/210350.973:ERROR:process_memory_win.cc(73)] ReadMemory at 0x1fe82b43590 of 512 bytes failed: Запрос ReadProcessMemory или WriteProcessMemory был выполнен только частично. (0x12B)
[0703/210350.973:ERROR:process_memory_win.cc(73)] ReadMemory at 0x1fe842b0000 of 384 bytes failed: Запрос ReadProcessMemory или WriteProcessMemory был выполнен только частично. (0x12B)
[0703/210350.974:ERROR:process_memory_win.cc(73)] ReadMemory at 0x1fe85219150 of 512 bytes failed: Запрос ReadProcessMemory или WriteProcessMemory был выполнен только частично. (0x12B)
[0703/210350.974:ERROR:process_memory_win.cc(73)] ReadMemory at 0x1fe854b1870 of 512 bytes failed: Запрос ReadProcessMemory или WriteProcessMemory был выполнен только частично. (0x12B)
[0703/210350.974:ERROR:process_memory_win.cc(73)] ReadMemory at 0x1fe865dce00 of 512 bytes failed: Запрос ReadProcessMemory или WriteProcessMemory был выполнен только частично. (0x12B)
[0703/210350.974:ERROR:process_memory_win.cc(73)] ReadMemory at 0x1fe865e2f00 of 512 bytes failed: Запрос ReadProcessMemory или WriteProcessMemory был выполнен только частично. (0x12B)
[0703/210350.974:ERROR:process_memory_win.cc(73)] ReadMemory at 0x1fe866e07e0 of 512 bytes failed: Запрос ReadProcessMemory или WriteProcessMemory был выполнен только частично. (0x12B)
[0703/210350.974:ERROR:process_memory_win.cc(73)] ReadMemory at 0x1fe8696fc98 of 513 bytes failed: Запрос ReadProcessMemory или WriteProcessMemory был выполнен только частично. (0x12B)
[0703/210350.974:ERROR:process_memory_win.cc(73)] ReadMemory at 0x1fe869812e8 of 512 bytes failed: Запрос ReadProcessMemory или WriteProcessMemory был выполнен только частично. (0x12B)
[0703/210350.974:ERROR:process_memory_win.cc(73)] ReadMemory at 0x1fe86987810 of 512 bytes failed: Запрос ReadProcessMemory или WriteProcessMemory был выполнен только частично. (0x12B)
[0703/210350.975:ERROR:process_memory_win.cc(73)] ReadMemory at 0x1fe86a42a90 of 512 bytes failed: Запрос ReadProcessMemory или WriteProcessMemory был выполнен только частично. (0x12B)
[0703/210350.975:ERROR:process_memory_win.cc(73)] ReadMemory at 0x1fe87eb1970 of 512 bytes failed: Запрос ReadProcessMemory или WriteProcessMemory был выполнен только частично. (0x12B)
[0703/210350.976:ERROR:process_memory_win.cc(73)] ReadMemory at 0x1fe87eda1d0 of 512 bytes failed: Запрос ReadProcessMemory или WriteProcessMemory был выполнен только частично. (0x12B)
[0703/210350.976:ERROR:process_memory_win.cc(73)] ReadMemory at 0x234f3b747f80 of 512 bytes failed: Запрос ReadProcessMemory или WriteProcessMemory был выполнен только частично. (0x12B)
[0703/210350.976:ERROR:process_memory_win.cc(73)] ReadMemory at 0x234f3b9b3f80 of 512 bytes failed: Запрос ReadProcessMemory или WriteProcessMemory был выполнен только частично. (0x12B)
[0703/210350.976:ERROR:process_memory_win.cc(73)] ReadMemory at 0x7fff983f6107 of 512 bytes failed: Запрос ReadProcessMemory или WriteProcessMemory был выполнен только частично. (0x12B)
[0703/210350.976:ERROR:process_memory_win.cc(73)] ReadMemory at 0x7fff983fe970 of 689 bytes failed: Запрос ReadProcessMemory или WriteProcessMemory был выполнен только частично. (0x12B)
[0703/210350.976:ERROR:process_memory_win.cc(73)] ReadMemory at 0x7fff9fb7f91f of 512 bytes failed: Запрос ReadProcessMemory или WriteProcessMemory был выполнен только частично. (0x12B)
[0703/210350.976:ERROR:process_memory_win.cc(73)] ReadMemory at 0x7fff9fbdd598 of 520 bytes failed: Запрос ReadProcessMemory или WriteProcessMemory был выполнен только частично. (0x12B)
[0703/210350.977:ERROR:process_memory_win.cc(73)] ReadMemory at 0x7fffd086a719 of 512 bytes failed: Запрос ReadProcessMemory или WriteProcessMemory был выполнен только частично. (0x12B)
[0703/210350.977:ERROR:process_memory_win.cc(73)] ReadMemory at 0x7fffd0a9c6e0 of 512 bytes failed: Запрос ReadProcessMemory или WriteProcessMemory был выполнен только частично. (0x12B)
[0703/210350.977:ERROR:process_memory_win.cc(73)] ReadMemory at 0x7fffd2ae0000 of 384 bytes failed: Запрос ReadProcessMemory или WriteProcessMemory был выполнен только частично. (0x12B)
[0703/210350.977:ERROR:process_memory_win.cc(73)] ReadMemory at 0x7fffd2b1c367 of 512 bytes failed: Запрос ReadProcessMemory или WriteProcessMemory был выполнен только частично. (0x12B)
[0703/210350.977:ERROR:process_memory_win.cc(73)] ReadMemory at 0x7fffd2b7c074 of 832 bytes failed: Запрос ReadProcessMemory или WriteProcessMemory был выполнен только частично. (0x12B)
[0703/210350.977:ERROR:process_memory_win.cc(73)] ReadMemory at 0x7fffd2b7f924 of 608 bytes failed: Запрос ReadProcessMemory или WriteProcessMemory был выполнен только частично. (0x12B)
[0703/210350.977:ERROR:process_memory_win.cc(73)] ReadMemory at 0x7fffd2c0c428 of 18 bytes failed: Запрос ReadProcessMemory или WriteProcessMemory был выполнен только частично. (0x12B)
[0703/210350.978:ERROR:process_memory_win.cc(73)] ReadMemory at 0x7fffd2c3f4f8 of 40 bytes failed: Запрос ReadProcessMemory или WriteProcessMemory был выполнен только частично. (0x12B)
[0703/210350.978:ERROR:process_memory_win.cc(73)] ReadMemory at 0x7fffd2c3f978 of 48 bytes failed: Запрос ReadProcessMemory или WriteProcessMemory был выполнен только частично. (0x12B)
[0703/210350.978:ERROR:process_memory_win.cc(73)] ReadMemory at 0x7fffd2c453c0 of 64 bytes failed: Запрос ReadProcessMemory или WriteProcessMemory был выполнен только частично. (0x12B)
[0703/210350.983:ERROR:scoped_process_suspend.cc(40)] NtResumeProcess: Попытка доступа к процессу, выполняющему процедуру завершения. (0xc000010a)
[0704/004053.519:ERROR:process_reader_win.cc(151)] SuspendThread: Отказано в доступе. (0x5)
[0704/004053.572:ERROR:process_reader_win.cc(151)] SuspendThread: Отказано в доступе. (0x5)
[0704/004053.572:ERROR:process_reader_win.cc(151)] SuspendThread: Отказано в доступе. (0x5)
[0704/004053.572:ERROR:process_reader_win.cc(151)] SuspendThread: Отказано в доступе. (0x5)
[0704/004053.572:ERROR:process_reader_win.cc(151)] SuspendThread: Отказано в доступе. (0x5)
[0704/004053.572:ERROR:process_reader_win.cc(151)] SuspendThread: Отказано в доступе. (0x5)
[0704/004053.573:ERROR:process_reader_win.cc(151)] SuspendThread: Отказано в доступе. (0x5)
[0704/004053.574:ERROR:process_reader_win.cc(151)] SuspendThread: Отказано в доступе. (0x5)
[0704/004053.574:ERROR:process_reader_win.cc(151)] SuspendThread: Отказано в доступе. (0x5)
[0704/004053.574:ERROR:process_reader_win.cc(123)] NtOpenThread: {Отказано в доступе} Процесс запросил доступ к объекту, но права на доступ не предоставлены. (0xc0000022)
[0704/004053.584:ERROR:exception_snapshot_win.cc(98)] thread ID 7756 not found in process
[0704/004053.599:ERROR:process_reader_win.cc(151)] SuspendThread: Отказано в доступе. (0x5)
[0704/004053.599:ERROR:process_reader_win.cc(123)] NtOpenThread: {Отказано в доступе} Процесс запросил доступ к объекту, но права на доступ не предоставлены. (0xc0000022)
[0704/004053.599:ERROR:exception_snapshot_win.cc(98)] thread ID 280 not found in process
